{"message":"Error log:","level":"error","service":"user-service"}
{"message":"Error log:","level":"error","service":"user-service"}
{"message":"Error log:","level":"error","service":"user-service"}
{"message":"Error log:","level":"error","service":"user-service"}
{"message":"Error log:","level":"error","service":"user-service"}
{"message":"Error log:","level":"error","service":"user-service"}
{"message":"Error log:","level":"error","service":"user-service"}
{"message":"Error log:","level":"error","service":"user-service"}
{"message":"Error log:","level":"error","service":"user-service"}
{"message":"Error log:","level":"error","service":"user-service"}
{"message":"Error log:","level":"error","service":"user-service"}
{"message":"Error log:","level":"error","service":"user-service"}
{"name":"MongoError","message":"read ECONNRESET","level":"error","service":"user-service"}
{"message":"Error log:","level":"error","service":"user-service"}
{"name":"MongoError","message":"read ECONNRESET","level":"error","service":"user-service"}
{"message":"Error log:","level":"error","service":"user-service"}
{"name":"MongoError","message":"read ECONNRESET","level":"error","service":"user-service"}
{"message":"Error log:","level":"error","service":"user-service"}
{"name":"MongoError","message":"read ECONNRESET","level":"error","service":"user-service"}
{"message":"Error log:","level":"error","service":"user-service"}
{"name":"MongoError","message":"read ECONNRESET","level":"error","service":"user-service"}
{"name":"MongoError","message":"failed to connect to server [undefined:27017] on first connect [Error: getaddrinfo ENOTFOUND undefined\n    at GetAddrInfoReqWrap.onlookup [as oncomplete] (dns.js:60:26) {\n  name: 'MongoError',\n  message: 'getaddrinfo ENOTFOUND undefined'\n}]","level":"error","service":"user-service"}
{"code":"EAUTH","response":"535-5.7.8 Username and Password not accepted. Learn more at\n535 5.7.8  https://support.google.com/mail/?p=BadCredentials b9sm608426ljj.92 - gsmtp","responseCode":535,"command":"AUTH PLAIN","level":"error","service":"user-service"}
{"code":"EAUTH","response":"535-5.7.8 Username and Password not accepted. Learn more at\n535 5.7.8  https://support.google.com/mail/?p=BadCredentials e19sm1893696ljj.62 - gsmtp","responseCode":535,"command":"AUTH PLAIN","level":"error","service":"user-service"}
{"code":"EAUTH","response":"535-5.7.8 Username and Password not accepted. Learn more at\n535 5.7.8  https://support.google.com/mail/?p=BadCredentials d15sm1929199lfq.76 - gsmtp","responseCode":535,"command":"AUTH PLAIN","level":"error","service":"user-service"}
{"code":"EAUTH","response":"535-5.7.8 Username and Password not accepted. Learn more at\n535 5.7.8  https://support.google.com/mail/?p=BadCredentials f1sm1845774ljf.48 - gsmtp","responseCode":535,"command":"AUTH PLAIN","level":"error","service":"user-service"}
{"name":"MongoError","message":"failed to connect to server [undefined:27017] on first connect [Error: getaddrinfo ENOTFOUND undefined\n    at GetAddrInfoReqWrap.onlookup [as oncomplete] (dns.js:60:26) {\n  name: 'MongoError',\n  message: 'getaddrinfo ENOTFOUND undefined'\n}]","level":"error","service":"user-service"}
{"code":"EAUTH","response":"535-5.7.8 Username and Password not accepted. Learn more at\n535 5.7.8  https://support.google.com/mail/?p=BadCredentials a18sm501211ljf.35 - gsmtp","responseCode":535,"command":"AUTH PLAIN","level":"error","service":"user-service"}
{"name":"MongoError","message":"failed to connect to server [undefined:27017] on first connect [Error: getaddrinfo ENOTFOUND undefined\n    at GetAddrInfoReqWrap.onlookup [as oncomplete] (dns.js:60:26) {\n  name: 'MongoError',\n  message: 'getaddrinfo ENOTFOUND undefined'\n}]","level":"error","service":"user-service"}
{"code":"EAUTH","response":"535-5.7.8 Username and Password not accepted. Learn more at\n535 5.7.8  https://support.google.com/mail/?p=BadCredentials h18sm426435lfc.40 - gsmtp","responseCode":535,"command":"AUTH PLAIN","level":"error","service":"user-service"}
{"name":"MongoError","message":"failed to connect to server [process.env.MONGODB_URI:27017] on first connect [Error: getaddrinfo ENOTFOUND process.env.MONGODB_URI\n    at GetAddrInfoReqWrap.onlookup [as oncomplete] (dns.js:60:26) {\n  name: 'MongoError',\n  message: 'getaddrinfo ENOTFOUND process.env.MONGODB_URI'\n}]","level":"error","service":"user-service"}
{"name":"MongoError","message":"failed to connect to server [process.env.MONGODB_URI:27017] on first connect [Error: getaddrinfo ENOTFOUND process.env.MONGODB_URI\n    at GetAddrInfoReqWrap.onlookup [as oncomplete] (dns.js:60:26) {\n  name: 'MongoError',\n  message: 'getaddrinfo ENOTFOUND process.env.MONGODB_URI'\n}]","level":"error","service":"user-service"}
{"name":"MongoError","message":"failed to connect to server [undefined:27017] on first connect [MongoError: getaddrinfo ENOTFOUND undefined undefined:27017]","level":"error","service":"user-service"}
{"code":"EAUTH","response":"535-5.7.8 Username and Password not accepted. Learn more at\n535 5.7.8  https://support.google.com/mail/?p=BadCredentials c5sm1405706lfm.7 - gsmtp","responseCode":535,"command":"AUTH PLAIN","level":"error","service":"user-service"}
{"name":"MongoError","message":"failed to connect to server [undefined:27017] on first connect [MongoError: getaddrinfo ENOTFOUND undefined undefined:27017]","level":"error","service":"user-service"}
{"code":"EAUTH","response":"535-5.7.8 Username and Password not accepted. Learn more at\n535 5.7.8  https://support.google.com/mail/?p=BadCredentials v139sm1426895lfa.69 - gsmtp","responseCode":535,"command":"AUTH PLAIN","level":"error","service":"user-service"}
{"name":"MongoError","message":"failed to connect to server [undefined:27017] on first connect [MongoError: getaddrinfo ENOTFOUND undefined undefined:27017]","level":"error","service":"user-service"}
{"code":"EAUTH","response":"535-5.7.8 Username and Password not accepted. Learn more at\n535 5.7.8  https://support.google.com/mail/?p=BadCredentials o187sm1400357lfa.88 - gsmtp","responseCode":535,"command":"AUTH PLAIN","level":"error","service":"user-service"}
{"name":"MongoError","message":"failed to connect to server [undefined:27017] on first connect [MongoError: getaddrinfo ENOTFOUND undefined undefined:27017]","level":"error","service":"user-service"}
{"code":"EAUTH","response":"535-5.7.8 Username and Password not accepted. Learn more at\n535 5.7.8  https://support.google.com/mail/?p=BadCredentials x22sm1434500lfq.20 - gsmtp","responseCode":535,"command":"AUTH PLAIN","level":"error","service":"user-service"}
{"name":"MongoError","message":"failed to connect to server [undefined:27017] on first connect [MongoError: getaddrinfo ENOTFOUND undefined undefined:27017]","level":"error","service":"user-service"}
{"code":"EAUTH","response":"535-5.7.8 Username and Password not accepted. Learn more at\n535 5.7.8  https://support.google.com/mail/?p=BadCredentials f1sm1578286ljf.53 - gsmtp","responseCode":535,"command":"AUTH PLAIN","level":"error","service":"user-service"}
{"name":"MongoError","message":"failed to connect to server [undefined:27017] on first connect [MongoError: getaddrinfo ENOTFOUND undefined undefined:27017]","level":"error","service":"user-service"}
{"code":"EAUTH","response":"535-5.7.8 Username and Password not accepted. Learn more at\n535 5.7.8  https://support.google.com/mail/?p=BadCredentials 11sm1575012ljc.66 - gsmtp","responseCode":535,"command":"AUTH PLAIN","level":"error","service":"user-service"}
{"name":"MongoError","message":"failed to connect to server [undefined:27017] on first connect [MongoError: getaddrinfo ENOTFOUND undefined undefined:27017]","level":"error","service":"user-service"}
{"code":"EAUTH","response":"535-5.7.8 Username and Password not accepted. Learn more at\n535 5.7.8  https://support.google.com/mail/?p=BadCredentials p27sm1414415lfh.8 - gsmtp","responseCode":535,"command":"AUTH PLAIN","level":"error","service":"user-service"}
{"name":"MongoError","message":"failed to connect to server [undefined:27017] on first connect [MongoError: getaddrinfo ENOTFOUND undefined undefined:27017]","level":"error","service":"user-service"}
{"code":"EAUTH","response":"535-5.7.8 Username and Password not accepted. Learn more at\n535 5.7.8  https://support.google.com/mail/?p=BadCredentials n1sm1398515lfk.19 - gsmtp","responseCode":535,"command":"AUTH PLAIN","level":"error","service":"user-service"}
{"name":"MongoError","message":"failed to connect to server [undefined:27017] on first connect [MongoError: getaddrinfo ENOTFOUND undefined undefined:27017]","level":"error","service":"user-service"}
{"code":"EAUTH","response":"535-5.7.8 Username and Password not accepted. Learn more at\n535 5.7.8  https://support.google.com/mail/?p=BadCredentials g68sm1589183ljg.47 - gsmtp","responseCode":535,"command":"AUTH PLAIN","level":"error","service":"user-service"}
{"name":"MongoError","message":"failed to connect to server [undefined:27017] on first connect [MongoError: getaddrinfo ENOTFOUND undefined undefined:27017]","level":"error","service":"user-service"}
{"code":"EAUTH","response":"535-5.7.8 Username and Password not accepted. Learn more at\n535 5.7.8  https://support.google.com/mail/?p=BadCredentials l25sm1572621lja.76 - gsmtp","responseCode":535,"command":"AUTH PLAIN","level":"error","service":"user-service"}
{"name":"MongoError","message":"failed to connect to server [undefined:27017] on first connect [MongoError: getaddrinfo ENOTFOUND undefined undefined:27017]","level":"error","service":"user-service"}
{"code":"EAUTH","response":"535-5.7.8 Username and Password not accepted. Learn more at\n535 5.7.8  https://support.google.com/mail/?p=BadCredentials p12sm1426044lja.23 - gsmtp","responseCode":535,"command":"AUTH PLAIN","level":"error","service":"user-service"}
{"name":"MongoError","message":"failed to connect to server [undefined:27017] on first connect [MongoError: getaddrinfo ENOTFOUND undefined undefined:27017]","level":"error","service":"user-service"}
{"code":"EAUTH","response":"535-5.7.8 Username and Password not accepted. Learn more at\n535 5.7.8  https://support.google.com/mail/?p=BadCredentials 189sm1392660lfa.30 - gsmtp","responseCode":535,"command":"AUTH PLAIN","level":"error","service":"user-service"}
{"name":"MongoError","message":"failed to connect to server [undefined:27017] on first connect [MongoError: getaddrinfo ENOTFOUND undefined undefined:27017]","level":"error","service":"user-service"}
{"code":"EAUTH","response":"535-5.7.8 Username and Password not accepted. Learn more at\n535 5.7.8  https://support.google.com/mail/?p=BadCredentials h4sm1596434ljj.31 - gsmtp","responseCode":535,"command":"AUTH PLAIN","level":"error","service":"user-service"}
{"name":"MongoError","message":"failed to connect to server [undefined:27017] on first connect [MongoError: getaddrinfo ENOTFOUND undefined undefined:27017]","level":"error","service":"user-service"}
{"code":"EAUTH","response":"535-5.7.8 Username and Password not accepted. Learn more at\n535 5.7.8  https://support.google.com/mail/?p=BadCredentials v12sm1589063ljk.22 - gsmtp","responseCode":535,"command":"AUTH PLAIN","level":"error","service":"user-service"}
{"name":"MongoError","message":"failed to connect to server [undefined:27017] on first connect [MongoError: getaddrinfo ENOTFOUND undefined undefined:27017]","level":"error","service":"user-service"}
{"code":"EAUTH","response":"535-5.7.8 Username and Password not accepted. Learn more at\n535 5.7.8  https://support.google.com/mail/?p=BadCredentials t3sm1591459ljj.26 - gsmtp","responseCode":535,"command":"AUTH PLAIN","level":"error","service":"user-service"}
{"name":"MongoError","message":"failed to connect to server [undefined:27017] on first connect [MongoError: getaddrinfo ENOTFOUND undefined undefined:27017]","level":"error","service":"user-service"}
{"code":"EAUTH","response":"535-5.7.8 Username and Password not accepted. Learn more at\n535 5.7.8  https://support.google.com/mail/?p=BadCredentials c15sm1569980lja.79 - gsmtp","responseCode":535,"command":"AUTH PLAIN","level":"error","service":"user-service"}
{"code":"EAUTH","response":"535-5.7.8 Username and Password not accepted. Learn more at\n535 5.7.8  https://support.google.com/mail/?p=BadCredentials r84sm1769285lja.54 - gsmtp","responseCode":535,"command":"AUTH PLAIN","level":"error","service":"user-service"}
{"name":"MongoError","message":"failed to connect to server [undefined:27017] on first connect [MongoError: getaddrinfo ENOTFOUND undefined undefined:27017]","level":"error","service":"user-service"}
{"code":"EAUTH","response":"535-5.7.8 Username and Password not accepted. Learn more at\n535 5.7.8  https://support.google.com/mail/?p=BadCredentials z128sm2400947lfa.1 - gsmtp","responseCode":535,"command":"AUTH PLAIN","level":"error","service":"user-service"}
{"name":"MongoError","message":"failed to connect to server [undefined:27017] on first connect [MongoError: getaddrinfo ENOTFOUND undefined undefined:27017]","level":"error","service":"user-service"}
{"code":"EAUTH","response":"535-5.7.8 Username and Password not accepted. Learn more at\n535 5.7.8  https://support.google.com/mail/?p=BadCredentials w77sm2798221lff.49 - gsmtp","responseCode":535,"command":"AUTH PLAIN","level":"error","service":"user-service"}
{"name":"MongoError","message":"failed to connect to server [undefined:27017] on first connect [MongoError: getaddrinfo ENOTFOUND undefined undefined:27017]","level":"error","service":"user-service"}
{"code":"EAUTH","response":"535-5.7.8 Username and Password not accepted. Learn more at\n535 5.7.8  https://support.google.com/mail/?p=BadCredentials z72sm1221714ljb.98 - gsmtp","responseCode":535,"command":"AUTH PLAIN","level":"error","service":"user-service"}
